<?xml version="1.0" encoding="UTF-8"?>
<!-- Generated by org.testng.reporters.JUnitXMLReporter -->
<testsuite ignored="0" hostname="DESKTOP-OB24OKI" failures="0" tests="6" name="Default test" time="23.435" errors="0" timestamp="2020-01-12T10:27:25 MEZ">
  <testcase classname="parallelTest.ParallelTest" name="launch" time="11.974"/>
  <testcase classname="parallelTest.ParallelTest" name="launch" time="11.976"/>
  <testcase classname="parallelTest.ParallelTest" name="launch" time="11.973"/>
  <testcase classname="parallelTest.ParallelTest" name="launch" time="11.38"/>
  <testcase classname="parallelTest.ParallelTest" name="launch" time="11.381"/>
  <testcase classname="parallelTest.ParallelTest" name="launch" time="11.379"/>
</testsuite> <!-- Default test -->
