<?xml version="1.0" encoding="UTF-8"?>
<!-- Generated by org.testng.reporters.JUnitXMLReporter -->
<testsuite ignored="0" hostname="DESKTOP-OB24OKI" failures="0" tests="2" name="Test1" time="0.017" errors="0" timestamp="2020-01-16T20:07:14 MEZ">
  <testcase classname="com.way2.TestNGExample.testcases.TestCase1" name="compareCustomerResults" time="0.006"/>
  <testcase classname="com.way2.TestNGExample.testcases.TestCase1" name="validateCustomerReqs" time="0.002"/>
</testsuite> <!-- Test1 -->
