<?xml version="1.0" encoding="UTF-8"?>
<!-- Generated by org.testng.reporters.JUnitXMLReporter -->
<testsuite ignored="0" hostname="DESKTOP-OB24OKI" failures="2" tests="4" name="Test3" time="0.036" errors="0" timestamp="2020-01-16T20:07:14 MEZ">
  <testcase classname="com.way2.TestNGExample.testcases.TestCase3" name="doRegister" time="0.005">
    <failure type="java.lang.AssertionError" message="did not expect to find [true] but found [false]">
      <![CDATA[java.lang.AssertionError: did not expect to find [true] but found [false]
at com.way2.TestNGExample.testcases.TestCase3.doRegister(TestCase3.java:12)
at java.base/java.util.ArrayList.forEach(ArrayList.java:1507)
... Removed 31 stack frames]]>
    </failure>
  </testcase> <!-- doRegister -->
  <testcase classname="com.way2.TestNGExample.testcases.TestCase3" name="doLogin" time="0.0">
    <skipped/>
  </testcase> <!-- doLogin -->
  <testcase classname="com.way2.TestNGExample.testcases.TestCase3" name="doOrder" time="0.003"/>
  <testcase classname="com.way2.TestNGExample.testcases.TestCase3" name="doPayment" time="0.002">
    <failure type="java.lang.AssertionError" message="did not expect to find [true] but found [false]">
      <![CDATA[java.lang.AssertionError: did not expect to find [true] but found [false]
at com.way2.TestNGExample.testcases.TestCase3.doPayment(TestCase3.java:27)
at java.base/java.util.ArrayList.forEach(ArrayList.java:1507)
... Removed 31 stack frames]]>
    </failure>
  </testcase> <!-- doPayment -->
</testsuite> <!-- Test3 -->
