<?xml version="1.0" encoding="UTF-8"?>
<!-- Generated by org.testng.reporters.JUnitXMLReporter -->
<testsuite ignored="0" hostname="DESKTOP-OB24OKI" failures="0" tests="2" name="Test2" time="0.031" errors="0" timestamp="2020-01-09T23:19:25 MEZ">
  <testcase classname="com.way2.TestNGExample.testcases.TestCase1" name="compareCustomerResults" time="0.01"/>
  <testcase classname="com.way2.TestNGExample.testcases.TestCase1" name="validateCustomerReqs" time="0.004"/>
</testsuite> <!-- Test2 -->
