<?xml version="1.0" encoding="UTF-8"?>
<!-- Generated by org.testng.reporters.JUnitXMLReporter -->
<testsuite ignored="0" hostname="DESKTOP-OB24OKI" failures="1" tests="2" name="Test1" time="0.087" errors="0" timestamp="2020-01-09T23:19:25 MEZ">
  <testcase classname="com.way2.TestNGExample.testcases.TestCase2" name="doUserReg" time="0.014"/>
  <testcase classname="com.way2.TestNGExample.testcases.TestCase2" name="doLogin" time="0.005">
    <failure type="junit.framework.AssertionFailedError">
      <![CDATA[junit.framework.AssertionFailedError
at junit.framework.Assert.fail(Assert.java:47)
at junit.framework.Assert.assertTrue(Assert.java:20)
at junit.framework.Assert.assertTrue(Assert.java:27)
at com.way2.TestNGExample.testcases.TestCase2.doLogin(TestCase2.java:22)
at java.base/java.util.ArrayList.forEach(ArrayList.java:1507)
... Removed 28 stack frames]]>
    </failure>
  </testcase> <!-- doLogin -->
</testsuite> <!-- Test1 -->
