<?xml version="1.0" encoding="UTF-8"?>
<!-- Generated by org.testng.reporters.JUnitXMLReporter -->
<testsuite ignored="0" hostname="DESKTOP-OB24OKI" failures="1" tests="6" name="TestListener" time="1.351" errors="0" timestamp="2020-01-13T00:16:22 MEZ">
  <testcase classname="listenerTests.ListenerTestScreenshot" name="composeEmail" time="0.014">
    <skipped/>
  </testcase> <!-- composeEmail -->
  <testcase classname="listenerTests.ListenerTestScreenshot" name="composeEmail" time="0.007">
    <skipped/>
  </testcase> <!-- composeEmail -->
  <testcase classname="listenerTests.ListenerTestScreenshot" name="composeEmail" time="0.001">
    <skipped/>
  </testcase> <!-- composeEmail -->
  <testcase classname="listenerTests.ListenerTestScreenshot" name="composeEmail" time="0.002">
    <skipped/>
  </testcase> <!-- composeEmail -->
  <testcase classname="listenerTests.ListenerTestScreenshot" name="composeEmail" time="0.002">
    <failure type="java.lang.AssertionError" message="null">
      <![CDATA[java.lang.AssertionError: null
at listenerTests.ListenerTestScreenshot.composeEmail(ListenerTestScreenshot.java:23)
at java.base/java.util.ArrayList.forEach(ArrayList.java:1507)
... Removed 29 stack frames]]>
    </failure>
  </testcase> <!-- composeEmail -->
  <testcase classname="listenerTests.ListenerTestScreenshot" name="login" time="0.672"/>
</testsuite> <!-- TestListener -->
